#
# There is insufficient memory for the Java Runtime Environment to continue.
# Native memory allocation (malloc) failed to allocate 236912 bytes for Chunk::new
# Possible reasons:
#   The system is out of physical RAM or swap space
#   The process is running with CompressedOops enabled, and the Java Heap may be blocking the growth of the native heap
# Possible solutions:
#   Reduce memory load on the system
#   Increase physical memory or swap space
#   Check if swap backing store is full
#   Decrease Java heap size (-Xmx/-Xms)
#   Decrease number of Java threads
#   Decrease Java thread stack sizes (-Xss)
#   Set larger code cache with -XX:ReservedCodeCacheSize=
#   JVM is running with Unscaled Compressed Oops mode in which the Java heap is
#     placed in the first 4GB address space. The Java Heap base address is the
#     maximum limit for the native heap growth. Please use -XX:HeapBaseMinAddress
#     to set the Java Heap base and to place the Java Heap above 4GB virtual address.
# This output file may be truncated or incomplete.
#
#  Out of Memory Error (arena.cpp:189), pid=11356, tid=27392
#
# JRE version: OpenJDK Runtime Environment Corretto-17.0.6.10.1 (17.0.6+10) (build 17.0.6+10-LTS)
# Java VM: OpenJDK 64-Bit Server VM Corretto-17.0.6.10.1 (17.0.6+10-LTS, mixed mode, sharing, tiered, compressed oops, compressed class ptrs, g1 gc, windows-amd64)
# No core dump will be written. Minidumps are not enabled by default on client versions of Windows
#

---------------  S U M M A R Y ------------

Command Line: -javaagent:C:\Program Files\JetBrains\IntelliJ IDEA Community Edition 2022.3.2\lib\idea_rt.jar=59214:C:\Program Files\JetBrains\IntelliJ IDEA Community Edition 2022.3.2\bin -Dfile.encoding=UTF-8 DataBaseConnection.demo.DemoApplication

Host: Intel(R) Core(TM) i5-8250U CPU @ 1.60GHz, 8 cores, 7G,  Windows 11 , 64 bit Build 22621 (10.0.22621.1928)
Time: Wed Jul 26 19:32:46 2023 Central Daylight Time elapsed time: 2.021968 seconds (0d 0h 0m 2s)

---------------  T H R E A D  ---------------

Current thread (0x0000018aadc5d3a0):  JavaThread "C2 CompilerThread0" daemon [_thread_in_native, id=27392, stack(0x00000053d9c00000,0x00000053d9d00000)]


Current CompileTask:
C2:   2022  653   !   4       jdk.internal.loader.URLClassPath$JarLoader::getResource (65 bytes)

Stack: [0x00000053d9c00000,0x00000053d9d00000]
Native frames: (J=compiled Java code, j=interpreted, Vv=VM code, C=native code)
V  [jvm.dll+0x64b39a]
V  [jvm.dll+0x7ff044]
V  [jvm.dll+0x8007fe]
V  [jvm.dll+0x800e53]
V  [jvm.dll+0x235848]
V  [jvm.dll+0xbce6c]
V  [jvm.dll+0xbd44c]
V  [jvm.dll+0x34f2a7]
V  [jvm.dll+0x1b0700]
V  [jvm.dll+0x209d8f]
V  [jvm.dll+0x209237]
V  [jvm.dll+0x19926d]
V  [jvm.dll+0x2185dd]
V  [jvm.dll+0x216824]
V  [jvm.dll+0x7b77bb]
V  [jvm.dll+0x7b1d6a]
V  [jvm.dll+0x64a265]
C  [ucrtbase.dll+0x29363]
C  [KERNEL32.DLL+0x126ad]
C  [ntdll.dll+0x5aa68]


---------------  P R O C E S S  ---------------

Threads class SMR info:
_java_thread_list=0x0000018aaeef16d0, length=14, elements={
0x0000018a8f8aee40, 0x0000018aadc46f40, 0x0000018aadc47a00, 0x0000018aadc58ab0,
0x0000018aadc59570, 0x0000018aadc5be40, 0x0000018aadc5c700, 0x0000018aadc5d3a0,
0x0000018aadc61d70, 0x0000018aadc6c510, 0x0000018aadc33340, 0x0000018aaed20d70,
0x0000018aaeb9b640, 0x0000018aaed5db40
}

Java Threads: ( => current thread )
  0x0000018a8f8aee40 JavaThread "main" [_thread_in_Java, id=11500, stack(0x00000053d8f00000,0x00000053d9000000)]
  0x0000018aadc46f40 JavaThread "Reference Handler" daemon [_thread_blocked, id=27628, stack(0x00000053d9600000,0x00000053d9700000)]
  0x0000018aadc47a00 JavaThread "Finalizer" daemon [_thread_blocked, id=11812, stack(0x00000053d9700000,0x00000053d9800000)]
  0x0000018aadc58ab0 JavaThread "Signal Dispatcher" daemon [_thread_blocked, id=11024, stack(0x00000053d9800000,0x00000053d9900000)]
  0x0000018aadc59570 JavaThread "Attach Listener" daemon [_thread_blocked, id=2868, stack(0x00000053d9900000,0x00000053d9a00000)]
  0x0000018aadc5be40 JavaThread "Service Thread" daemon [_thread_blocked, id=2552, stack(0x00000053d9a00000,0x00000053d9b00000)]
  0x0000018aadc5c700 JavaThread "Monitor Deflation Thread" daemon [_thread_blocked, id=13440, stack(0x00000053d9b00000,0x00000053d9c00000)]
=>0x0000018aadc5d3a0 JavaThread "C2 CompilerThread0" daemon [_thread_in_native, id=27392, stack(0x00000053d9c00000,0x00000053d9d00000)]
  0x0000018aadc61d70 JavaThread "C1 CompilerThread0" daemon [_thread_in_native, id=12480, stack(0x00000053d9d00000,0x00000053d9e00000)]
  0x0000018aadc6c510 JavaThread "Sweeper thread" daemon [_thread_blocked, id=15752, stack(0x00000053d9e00000,0x00000053d9f00000)]
  0x0000018aadc33340 JavaThread "Common-Cleaner" daemon [_thread_blocked, id=2608, stack(0x00000053d9f00000,0x00000053da000000)]
  0x0000018aaed20d70 JavaThread "Monitor Ctrl-Break" daemon [_thread_in_native, id=26916, stack(0x00000053da000000,0x00000053da100000)]
  0x0000018aaeb9b640 JavaThread "Notification Thread" daemon [_thread_blocked, id=17428, stack(0x00000053da100000,0x00000053da200000)]
  0x0000018aaed5db40 JavaThread "C2 CompilerThread1" daemon [_thread_in_native, id=8384, stack(0x00000053da300000,0x00000053da400000)]

Other Threads:
  0x0000018aadc41180 VMThread "VM Thread" [stack: 0x00000053d9500000,0x00000053d9600000] [id=26040]
  0x0000018a8f92da00 WatcherThread [stack: 0x00000053da200000,0x00000053da300000] [id=12276]
  0x0000018a8f90b570 GCTaskThread "GC Thread#0" [stack: 0x00000053d9000000,0x00000053d9100000] [id=1388]
  0x0000018a8f91c2a0 ConcurrentGCThread "G1 Main Marker" [stack: 0x00000053d9100000,0x00000053d9200000] [id=4940]
  0x0000018a8f91d360 ConcurrentGCThread "G1 Conc#0" [stack: 0x00000053d9200000,0x00000053d9300000] [id=4392]
  0x0000018aadaf84f0 ConcurrentGCThread "G1 Refine#0" [stack: 0x00000053d9300000,0x00000053d9400000] [id=9896]
  0x0000018aadaf9bd0 ConcurrentGCThread "G1 Service" [stack: 0x00000053d9400000,0x00000053d9500000] [id=8400]

Threads with active compile tasks:
C2 CompilerThread0     2082  653   !   4       jdk.internal.loader.URLClassPath$JarLoader::getResource (65 bytes)
C1 CompilerThread0     2082  790       3       java.io.WinNTFileSystem::resolve (275 bytes)
C2 CompilerThread1     2082  651       4       java.util.jar.JarFile::getEntry (35 bytes)

VM state: not at safepoint (normal execution)

VM Mutex/Monitor currently owned by a thread:  ([mutex/lock_event])
[0x0000018a8f8aaf60] Compile_lock - owner thread: 0x0000000000000000

Heap address: 0x0000000081400000, size: 2028 MB, Compressed Oops mode: 32-bit

CDS archive(s) mapped at: [0x0000000800000000-0x0000000800bc0000-0x0000000800bc0000), size 12320768, SharedBaseAddress: 0x0000000800000000, ArchiveRelocationMode: 0.
Compressed class space mapped at: 0x0000000800c00000-0x0000000840c00000, reserved size: 1073741824
Narrow klass base: 0x0000000800000000, Narrow klass shift: 0, Narrow klass range: 0x100000000

GC Precious Log:
 CPUs: 8 total, 8 available
 Memory: 8108M
 Large Page Support: Disabled
 NUMA Support: Disabled
 Compressed Oops: Enabled (32-bit)
 Heap Region Size: 1M
 Heap Min Capacity: 8M
 Heap Initial Capacity: 128M
 Heap Max Capacity: 2028M
 Pre-touch: Disabled
 Parallel Workers: 8
 Concurrent Workers: 2
 Concurrent Refinement Workers: 8
 Periodic GC: Disabled

Heap:
 garbage-first heap   total 131072K, used 14336K [0x0000000081400000, 0x0000000100000000)
  region size 1024K, 15 young (15360K), 0 survivors (0K)
 Metaspace       used 3384K, committed 3520K, reserved 1056768K
  class space    used 346K, committed 384K, reserved 1048576K

Heap Regions: E=young(eden), S=young(survivor), O=old, HS=humongous(starts), HC=humongous(continues), CS=collection set, F=free, OA=open archive, CA=closed archive, TAMS=top-at-mark-start (previous, next)
|   0|0x0000000081400000, 0x0000000081500000, 0x0000000081500000|100%|HS|  |TAMS 0x0000000081400000, 0x0000000081400000| Complete 
|   1|0x0000000081500000, 0x0000000081500000, 0x0000000081600000|  0%| F|  |TAMS 0x0000000081500000, 0x0000000081500000| Untracked 
|   2|0x0000000081600000, 0x0000000081600000, 0x0000000081700000|  0%| F|  |TAMS 0x0000000081600000, 0x0000000081600000| Untracked 
|   3|0x0000000081700000, 0x0000000081700000, 0x0000000081800000|  0%| F|  |TAMS 0x0000000081700000, 0x0000000081700000| Untracked 
|   4|0x0000000081800000, 0x0000000081800000, 0x0000000081900000|  0%| F|  |TAMS 0x0000000081800000, 0x0000000081800000| Untracked 
|   5|0x0000000081900000, 0x0000000081900000, 0x0000000081a00000|  0%| F|  |TAMS 0x0000000081900000, 0x0000000081900000| Untracked 
|   6|0x0000000081a00000, 0x0000000081a00000, 0x0000000081b00000|  0%| F|  |TAMS 0x0000000081a00000, 0x0000000081a00000| Untracked 
|   7|0x0000000081b00000, 0x0000000081b00000, 0x0000000081c00000|  0%| F|  |TAMS 0x0000000081b00000, 0x0000000081b00000| Untracked 
|   8|0x0000000081c00000, 0x0000000081c00000, 0x0000000081d00000|  0%| F|  |TAMS 0x0000000081c00000, 0x0000000081c00000| Untracked 
|   9|0x0000000081d00000, 0x0000000081d00000, 0x0000000081e00000|  0%| F|  |TAMS 0x0000000081d00000, 0x0000000081d00000| Untracked 
|  10|0x0000000081e00000, 0x0000000081e00000, 0x0000000081f00000|  0%| F|  |TAMS 0x0000000081e00000, 0x0000000081e00000| Untracked 
|  11|0x0000000081f00000, 0x0000000081f00000, 0x0000000082000000|  0%| F|  |TAMS 0x0000000081f00000, 0x0000000081f00000| Untracked 
|  12|0x0000000082000000, 0x0000000082000000, 0x0000000082100000|  0%| F|  |TAMS 0x0000000082000000, 0x0000000082000000| Untracked 
|  13|0x0000000082100000, 0x0000000082100000, 0x0000000082200000|  0%| F|  |TAMS 0x0000000082100000, 0x0000000082100000| Untracked 
|  14|0x0000000082200000, 0x0000000082200000, 0x0000000082300000|  0%| F|  |TAMS 0x0000000082200000, 0x0000000082200000| Untracked 
|  15|0x0000000082300000, 0x0000000082300000, 0x0000000082400000|  0%| F|  |TAMS 0x0000000082300000, 0x0000000082300000| Untracked 
|  16|0x0000000082400000, 0x0000000082400000, 0x0000000082500000|  0%| F|  |TAMS 0x0000000082400000, 0x0000000082400000| Untracked 
|  17|0x0000000082500000, 0x0000000082500000, 0x0000000082600000|  0%| F|  |TAMS 0x0000000082500000, 0x0000000082500000| Untracked 
|  18|0x0000000082600000, 0x0000000082600000, 0x0000000082700000|  0%| F|  |TAMS 0x0000000082600000, 0x0000000082600000| Untracked 
|  19|0x0000000082700000, 0x0000000082700000, 0x0000000082800000|  0%| F|  |TAMS 0x0000000082700000, 0x0000000082700000| Untracked 
|  20|0x0000000082800000, 0x0000000082800000, 0x0000000082900000|  0%| F|  |TAMS 0x0000000082800000, 0x0000000082800000| Untracked 
|  21|0x0000000082900000, 0x0000000082900000, 0x0000000082a00000|  0%| F|  |TAMS 0x0000000082900000, 0x0000000082900000| Untracked 
|  22|0x0000000082a00000, 0x0000000082a00000, 0x0000000082b00000|  0%| F|  |TAMS 0x0000000082a00000, 0x0000000082a00000| Untracked 
|  23|0x0000000082b00000, 0x0000000082b00000, 0x0000000082c00000|  0%| F|  |TAMS 0x0000000082b00000, 0x0000000082b00000| Untracked 
|  24|0x0000000082c00000, 0x0000000082c00000, 0x0000000082d00000|  0%| F|  |TAMS 0x0000000082c00000, 0x0000000082c00000| Untracked 
|  25|0x0000000082d00000, 0x0000000082d00000, 0x0000000082e00000|  0%| F|  |TAMS 0x0000000082d00000, 0x0000000082d00000| Untracked 
|  26|0x0000000082e00000, 0x0000000082e00000, 0x0000000082f00000|  0%| F|  |TAMS 0x0000000082e00000, 0x0000000082e00000| Untracked 
|  27|0x0000000082f00000, 0x0000000082f00000, 0x0000000083000000|  0%| F|  |TAMS 0x0000000082f00000, 0x0000000082f00000| Untracked 
|  28|0x0000000083000000, 0x0000000083000000, 0x0000000083100000|  0%| F|  |TAMS 0x0000000083000000, 0x0000000083000000| Untracked 
|  29|0x0000000083100000, 0x0000000083100000, 0x0000000083200000|  0%| F|  |TAMS 0x0000000083100000, 0x0000000083100000| Untracked 
|  30|0x0000000083200000, 0x0000000083200000, 0x0000000083300000|  0%| F|  |TAMS 0x0000000083200000, 0x0000000083200000| Untracked 
|  31|0x0000000083300000, 0x0000000083300000, 0x0000000083400000|  0%| F|  |TAMS 0x0000000083300000, 0x0000000083300000| Untracked 
|  32|0x0000000083400000, 0x0000000083400000, 0x0000000083500000|  0%| F|  |TAMS 0x0000000083400000, 0x0000000083400000| Untracked 
|  33|0x0000000083500000, 0x0000000083500000, 0x0000000083600000|  0%| F|  |TAMS 0x0000000083500000, 0x0000000083500000| Untracked 
|  34|0x0000000083600000, 0x0000000083600000, 0x0000000083700000|  0%| F|  |TAMS 0x0000000083600000, 0x0000000083600000| Untracked 
|  35|0x0000000083700000, 0x0000000083700000, 0x0000000083800000|  0%| F|  |TAMS 0x0000000083700000, 0x0000000083700000| Untracked 
|  36|0x0000000083800000, 0x0000000083800000, 0x0000000083900000|  0%| F|  |TAMS 0x0000000083800000, 0x0000000083800000| Untracked 
|  37|0x0000000083900000, 0x0000000083900000, 0x0000000083a00000|  0%| F|  |TAMS 0x0000000083900000, 0x0000000083900000| Untracked 
|  38|0x0000000083a00000, 0x0000000083a00000, 0x0000000083b00000|  0%| F|  |TAMS 0x0000000083a00000, 0x0000000083a00000| Untracked 
|  39|0x0000000083b00000, 0x0000000083b00000, 0x0000000083c00000|  0%| F|  |TAMS 0x0000000083b00000, 0x0000000083b00000| Untracked 
|  40|0x0000000083c00000, 0x0000000083c00000, 0x0000000083d00000|  0%| F|  |TAMS 0x0000000083c00000, 0x0000000083c00000| Untracked 
|  41|0x0000000083d00000, 0x0000000083d00000, 0x0000000083e00000|  0%| F|  |TAMS 0x0000000083d00000, 0x0000000083d00000| Untracked 
|  42|0x0000000083e00000, 0x0000000083e00000, 0x0000000083f00000|  0%| F|  |TAMS 0x0000000083e00000, 0x0000000083e00000| Untracked 
|  43|0x0000000083f00000, 0x0000000083f00000, 0x0000000084000000|  0%| F|  |TAMS 0x0000000083f00000, 0x0000000083f00000| Untracked 
|  44|0x0000000084000000, 0x0000000084000000, 0x0000000084100000|  0%| F|  |TAMS 0x0000000084000000, 0x0000000084000000| Untracked 
|  45|0x0000000084100000, 0x0000000084100000, 0x0000000084200000|  0%| F|  |TAMS 0x0000000084100000, 0x0000000084100000| Untracked 
|  46|0x0000000084200000, 0x0000000084200000, 0x0000000084300000|  0%| F|  |TAMS 0x0000000084200000, 0x0000000084200000| Untracked 
|  47|0x0000000084300000, 0x0000000084300000, 0x0000000084400000|  0%| F|  |TAMS 0x0000000084300000, 0x0000000084300000| Untracked 
|  48|0x0000000084400000, 0x0000000084400000, 0x0000000084500000|  0%| F|  |TAMS 0x0000000084400000, 0x0000000084400000| Untracked 
|  49|0x0000000084500000, 0x0000000084500000, 0x0000000084600000|  0%| F|  |TAMS 0x0000000084500000, 0x0000000084500000| Untracked 
|  50|0x0000000084600000, 0x0000000084600000, 0x0000000084700000|  0%| F|  |TAMS 0x0000000084600000, 0x0000000084600000| Untracked 
|  51|0x0000000084700000, 0x0000000084700000, 0x0000000084800000|  0%| F|  |TAMS 0x0000000084700000, 0x0000000084700000| Untracked 
|  52|0x0000000084800000, 0x0000000084800000, 0x0000000084900000|  0%| F|  |TAMS 0x0000000084800000, 0x0000000084800000| Untracked 
|  53|0x0000000084900000, 0x0000000084900000, 0x0000000084a00000|  0%| F|  |TAMS 0x0000000084900000, 0x0000000084900000| Untracked 
|  54|0x0000000084a00000, 0x0000000084a00000, 0x0000000084b00000|  0%| F|  |TAMS 0x0000000084a00000, 0x0000000084a00000| Untracked 
|  55|0x0000000084b00000, 0x0000000084b00000, 0x0000000084c00000|  0%| F|  |TAMS 0x0000000084b00000, 0x0000000084b00000| Untracked 
|  56|0x0000000084c00000, 0x0000000084c00000, 0x0000000084d00000|  0%| F|  |TAMS 0x0000000084c00000, 0x0000000084c00000| Untracked 
|  57|0x0000000084d00000, 0x0000000084d00000, 0x0000000084e00000|  0%| F|  |TAMS 0x0000000084d00000, 0x0000000084d00000| Untracked 
|  58|0x0000000084e00000, 0x0000000084e00000, 0x0000000084f00000|  0%| F|  |TAMS 0x0000000084e00000, 0x0000000084e00000| Untracked 
|  59|0x0000000084f00000, 0x0000000084f00000, 0x0000000085000000|  0%| F|  |TAMS 0x0000000084f00000, 0x0000000084f00000| Untracked 
|  60|0x0000000085000000, 0x0000000085000000, 0x0000000085100000|  0%| F|  |TAMS 0x0000000085000000, 0x0000000085000000| Untracked 
|  61|0x0000000085100000, 0x0000000085100000, 0x0000000085200000|  0%| F|  |TAMS 0x0000000085100000, 0x0000000085100000| Untracked 
|  62|0x0000000085200000, 0x0000000085200000, 0x0000000085300000|  0%| F|  |TAMS 0x0000000085200000, 0x0000000085200000| Untracked 
|  63|0x0000000085300000, 0x0000000085300000, 0x0000000085400000|  0%| F|  |TAMS 0x0000000085300000, 0x0000000085300000| Untracked 
|  64|0x0000000085400000, 0x0000000085400000, 0x0000000085500000|  0%| F|  |TAMS 0x0000000085400000, 0x0000000085400000| Untracked 
|  65|0x0000000085500000, 0x0000000085500000, 0x0000000085600000|  0%| F|  |TAMS 0x0000000085500000, 0x0000000085500000| Untracked 
|  66|0x0000000085600000, 0x0000000085600000, 0x0000000085700000|  0%| F|  |TAMS 0x0000000085600000, 0x0000000085600000| Untracked 
|  67|0x0000000085700000, 0x0000000085700000, 0x0000000085800000|  0%| F|  |TAMS 0x0000000085700000, 0x0000000085700000| Untracked 
|  68|0x0000000085800000, 0x0000000085800000, 0x0000000085900000|  0%| F|  |TAMS 0x0000000085800000, 0x0000000085800000| Untracked 
|  69|0x0000000085900000, 0x0000000085900000, 0x0000000085a00000|  0%| F|  |TAMS 0x0000000085900000, 0x0000000085900000| Untracked 
|  70|0x0000000085a00000, 0x0000000085a00000, 0x0000000085b00000|  0%| F|  |TAMS 0x0000000085a00000, 0x0000000085a00000| Untracked 
|  71|0x0000000085b00000, 0x0000000085b00000, 0x0000000085c00000|  0%| F|  |TAMS 0x0000000085b00000, 0x0000000085b00000| Untracked 
|  72|0x0000000085c00000, 0x0000000085c00000, 0x0000000085d00000|  0%| F|  |TAMS 0x0000000085c00000, 0x0000000085c00000| Untracked 
|  73|0x0000000085d00000, 0x0000000085d00000, 0x0000000085e00000|  0%| F|  |TAMS 0x0000000085d00000, 0x0000000085d00000| Untracked 
|  74|0x0000000085e00000, 0x0000000085e00000, 0x0000000085f00000|  0%| F|  |TAMS 0x0000000085e00000, 0x0000000085e00000| Untracked 
|  75|0x0000000085f00000, 0x0000000085f00000, 0x0000000086000000|  0%| F|  |TAMS 0x0000000085f00000, 0x0000000085f00000| Untracked 
|  76|0x0000000086000000, 0x0000000086000000, 0x0000000086100000|  0%| F|  |TAMS 0x0000000086000000, 0x0000000086000000| Untracked 
|  77|0x0000000086100000, 0x0000000086100000, 0x0000000086200000|  0%| F|  |TAMS 0x0000000086100000, 0x0000000086100000| Untracked 
|  78|0x0000000086200000, 0x0000000086200000, 0x0000000086300000|  0%| F|  |TAMS 0x0000000086200000, 0x0000000086200000| Untracked 
|  79|0x0000000086300000, 0x0000000086300000, 0x0000000086400000|  0%| F|  |TAMS 0x0000000086300000, 0x0000000086300000| Untracked 
|  80|0x0000000086400000, 0x0000000086400000, 0x0000000086500000|  0%| F|  |TAMS 0x0000000086400000, 0x0000000086400000| Untracked 
|  81|0x0000000086500000, 0x0000000086500000, 0x0000000086600000|  0%| F|  |TAMS 0x0000000086500000, 0x0000000086500000| Untracked 
|  82|0x0000000086600000, 0x0000000086600000, 0x0000000086700000|  0%| F|  |TAMS 0x0000000086600000, 0x0000000086600000| Untracked 
|  83|0x0000000086700000, 0x0000000086700000, 0x0000000086800000|  0%| F|  |TAMS 0x0000000086700000, 0x0000000086700000| Untracked 
|  84|0x0000000086800000, 0x0000000086800000, 0x0000000086900000|  0%| F|  |TAMS 0x0000000086800000, 0x0000000086800000| Untracked 
|  85|0x0000000086900000, 0x0000000086900000, 0x0000000086a00000|  0%| F|  |TAMS 0x0000000086900000, 0x0000000086900000| Untracked 
|  86|0x0000000086a00000, 0x0000000086a00000, 0x0000000086b00000|  0%| F|  |TAMS 0x0000000086a00000, 0x0000000086a00000| Untracked 
|  87|0x0000000086b00000, 0x0000000086b00000, 0x0000000086c00000|  0%| F|  |TAMS 0x0000000086b00000, 0x0000000086b00000| Untracked 
|  88|0x0000000086c00000, 0x0000000086c00000, 0x0000000086d00000|  0%| F|  |TAMS 0x0000000086c00000, 0x0000000086c00000| Untracked 
|  89|0x0000000086d00000, 0x0000000086d00000, 0x0000000086e00000|  0%| F|  |TAMS 0x0000000086d00000, 0x0000000086d00000| Untracked 
|  90|0x0000000086e00000, 0x0000000086e00000, 0x0000000086f00000|  0%| F|  |TAMS 0x0000000086e00000, 0x0000000086e00000| Untracked 
|  91|0x0000000086f00000, 0x0000000086f00000, 0x0000000087000000|  0%| F|  |TAMS 0x0000000086f00000, 0x0000000086f00000| Untracked 
|  92|0x0000000087000000, 0x0000000087000000, 0x0000000087100000|  0%| F|  |TAMS 0x0000000087000000, 0x0000000087000000| Untracked 
|  93|0x0000000087100000, 0x0000000087100000, 0x0000000087200000|  0%| F|  |TAMS 0x0000000087100000, 0x0000000087100000| Untracked 
|  94|0x0000000087200000, 0x0000000087200000, 0x0000000087300000|  0%| F|  |TAMS 0x0000000087200000, 0x0000000087200000| Untracked 
|  95|0x0000000087300000, 0x0000000087300000, 0x0000000087400000|  0%| F|  |TAMS 0x0000000087300000, 0x0000000087300000| Untracked 
|  96|0x0000000087400000, 0x0000000087400000, 0x0000000087500000|  0%| F|  |TAMS 0x0000000087400000, 0x0000000087400000| Untracked 
|  97|0x0000000087500000, 0x0000000087500000, 0x0000000087600000|  0%| F|  |TAMS 0x0000000087500000, 0x0000000087500000| Untracked 
|  98|0x0000000087600000, 0x0000000087600000, 0x0000000087700000|  0%| F|  |TAMS 0x0000000087600000, 0x0000000087600000| Untracked 
|  99|0x0000000087700000, 0x0000000087700000, 0x0000000087800000|  0%| F|  |TAMS 0x0000000087700000, 0x0000000087700000| Untracked 
| 100|0x0000000087800000, 0x0000000087800000, 0x0000000087900000|  0%| F|  |TAMS 0x0000000087800000, 0x0000000087800000| Untracked 
| 101|0x0000000087900000, 0x0000000087900000, 0x0000000087a00000|  0%| F|  |TAMS 0x0000000087900000, 0x0000000087900000| Untracked 
| 102|0x0000000087a00000, 0x0000000087a00000, 0x0000000087b00000|  0%| F|  |TAMS 0x0000000087a00000, 0x0000000087a00000| Untracked 
| 103|0x0000000087b00000, 0x0000000087b00000, 0x0000000087c00000|  0%| F|  |TAMS 0x0000000087b00000, 0x0000000087b00000| Untracked 
| 104|0x0000000087c00000, 0x0000000087c00000, 0x0000000087d00000|  0%| F|  |TAMS 0x0000000087c00000, 0x0000000087c00000| Untracked 
| 105|0x0000000087d00000, 0x0000000087d00000, 0x0000000087e00000|  0%| F|  |TAMS 0x0000000087d00000, 0x0000000087d00000| Untracked 
| 106|0x0000000087e00000, 0x0000000087e00000, 0x0000000087f00000|  0%| F|  |TAMS 0x0000000087e00000, 0x0000000087e00000| Untracked 
| 107|0x0000000087f00000, 0x0000000087f00000, 0x0000000088000000|  0%| F|  |TAMS 0x0000000087f00000, 0x0000000087f00000| Untracked 
| 108|0x0000000088000000, 0x0000000088000000, 0x0000000088100000|  0%| F|  |TAMS 0x0000000088000000, 0x0000000088000000| Untracked 
| 109|0x0000000088100000, 0x0000000088100000, 0x0000000088200000|  0%| F|  |TAMS 0x0000000088100000, 0x0000000088100000| Untracked 
| 110|0x0000000088200000, 0x0000000088200000, 0x0000000088300000|  0%| F|  |TAMS 0x0000000088200000, 0x0000000088200000| Untracked 
| 111|0x0000000088300000, 0x0000000088300000, 0x0000000088400000|  0%| F|  |TAMS 0x0000000088300000, 0x0000000088300000| Untracked 
| 112|0x0000000088400000, 0x0000000088400000, 0x0000000088500000|  0%| F|  |TAMS 0x0000000088400000, 0x0000000088400000| Untracked 
| 113|0x0000000088500000, 0x00000000885762a8, 0x0000000088600000| 46%| E|  |TAMS 0x0000000088500000, 0x0000000088500000| Complete 
| 114|0x0000000088600000, 0x0000000088700000, 0x0000000088700000|100%| E|CS|TAMS 0x0000000088600000, 0x0000000088600000| Complete 
| 115|0x0000000088700000, 0x0000000088800000, 0x0000000088800000|100%| E|CS|TAMS 0x0000000088700000, 0x0000000088700000| Complete 
| 116|0x0000000088800000, 0x0000000088900000, 0x0000000088900000|100%| E|CS|TAMS 0x0000000088800000, 0x0000000088800000| Complete 
| 117|0x0000000088900000, 0x0000000088a00000, 0x0000000088a00000|100%| E|CS|TAMS 0x0000000088900000, 0x0000000088900000| Complete 
| 118|0x0000000088a00000, 0x0000000088b00000, 0x0000000088b00000|100%| E|CS|TAMS 0x0000000088a00000, 0x0000000088a00000| Complete 
| 119|0x0000000088b00000, 0x0000000088c00000, 0x0000000088c00000|100%| E|CS|TAMS 0x0000000088b00000, 0x0000000088b00000| Complete 
| 120|0x0000000088c00000, 0x0000000088d00000, 0x0000000088d00000|100%| E|CS|TAMS 0x0000000088c00000, 0x0000000088c00000| Complete 
| 121|0x0000000088d00000, 0x0000000088e00000, 0x0000000088e00000|100%| E|CS|TAMS 0x0000000088d00000, 0x0000000088d00000| Complete 
| 122|0x0000000088e00000, 0x0000000088f00000, 0x0000000088f00000|100%| E|CS|TAMS 0x0000000088e00000, 0x0000000088e00000| Complete 
| 123|0x0000000088f00000, 0x0000000089000000, 0x0000000089000000|100%| E|CS|TAMS 0x0000000088f00000, 0x0000000088f00000| Complete 
| 124|0x0000000089000000, 0x0000000089100000, 0x0000000089100000|100%| E|CS|TAMS 0x0000000089000000, 0x0000000089000000| Complete 
| 125|0x0000000089100000, 0x0000000089200000, 0x0000000089200000|100%| E|  |TAMS 0x0000000089100000, 0x0000000089100000| Complete 
| 126|0x0000000089200000, 0x0000000089300000, 0x0000000089300000|100%| E|CS|TAMS 0x0000000089200000, 0x0000000089200000| Complete 
| 127|0x0000000089300000, 0x0000000089400000, 0x0000000089400000|100%| E|CS|TAMS 0x0000000089300000, 0x0000000089300000| Complete 

Card table byte_map: [0x0000018aa6ad0000,0x0000018aa6ed0000] _byte_map_base: 0x0000018aa66c6000

Marking Bits (Prev, Next): (CMBitMap*) 0x0000018a8f90ba90, (CMBitMap*) 0x0000018a8f90bad0
 Prev Bits: [0x0000018aa72d0000, 0x0000018aa9280000)
 Next Bits: [0x0000018aa9280000, 0x0000018aab230000)

Polling page: 0x0000018a8d7f0000

Metaspace:

Usage:
  Non-class:      3.00 MB used.
      Class:    349.24 KB used.
       Both:      3.34 MB used.

Virtual space:
  Non-class space:        8.00 MB reserved,       3.06 MB ( 38%) committed,  1 nodes.
      Class space:        1.00 GB reserved,     448.00 KB ( <1%) committed,  1 nodes.
             Both:        1.01 GB reserved,       3.50 MB ( <1%) committed. 

Chunk freelists:
   Non-Class:  2.81 MB
       Class:  3.55 MB
        Both:  6.36 MB

MaxMetaspaceSize: unlimited
CompressedClassSpaceSize: 1.00 GB
Initial GC threshold: 21.00 MB
Current GC threshold: 21.00 MB
CDS: on
MetaspaceReclaimPolicy: balanced
 - commit_granule_bytes: 65536.
 - commit_granule_words: 8192.
 - virtual_space_node_default_size: 1048576.
 - enlarge_chunks_in_place: 1.
 - new_chunks_are_fully_committed: 0.
 - uncommit_free_chunks: 1.
 - use_allocation_guard: 0.
 - handle_deallocations: 1.


Internal statistics:

num_allocs_failed_limit: 0.
num_arena_births: 60.
num_arena_deaths: 0.
num_vsnodes_births: 2.
num_vsnodes_deaths: 0.
num_space_committed: 56.
num_space_uncommitted: 0.
num_chunks_returned_to_freelist: 0.
num_chunks_taken_from_freelist: 138.
num_chunk_merges: 0.
num_chunk_splits: 85.
num_chunks_enlarged: 59.
num_purges: 0.
num_inconsistent_stats: 0.

CodeHeap 'non-profiled nmethods': size=120000Kb used=276Kb max_used=276Kb free=119723Kb
 bounds [0x0000018a9ee70000, 0x0000018a9f0e0000, 0x0000018aa63a0000]
CodeHeap 'profiled nmethods': size=120000Kb used=1353Kb max_used=1353Kb free=118646Kb
 bounds [0x0000018a973a0000, 0x0000018a97610000, 0x0000018a9e8d0000]
CodeHeap 'non-nmethods': size=5760Kb used=1141Kb max_used=1163Kb free=4619Kb
 bounds [0x0000018a9e8d0000, 0x0000018a9eb40000, 0x0000018a9ee70000]
 total_blobs=1214 nmethods=784 adapters=343
 compilation: enabled
              stopped_count=0, restarted_count=0
 full_count=0

Compilation events (20 events):
Event: 1.977 Thread 0x0000018aadc61d70 nmethod 725 0x0000018a974bc110 code [0x0000018a974bc400, 0x0000018a974bd9d8]
Event: 1.977 Thread 0x0000018aadc61d70  726       3       jdk.internal.org.objectweb.asm.ByteVector::put12 (64 bytes)
Event: 1.977 Thread 0x0000018aadc61d70 nmethod 726 0x0000018a974bdf90 code [0x0000018a974be140, 0x0000018a974be368]
Event: 1.979 Thread 0x0000018aadc61d70  727       3       java.lang.invoke.MethodType$ConcurrentWeakInternSet$WeakEntry::<init> (15 bytes)
Event: 1.979 Thread 0x0000018aadc61d70 nmethod 727 0x0000018a974be510 code [0x0000018a974be6e0, 0x0000018a974beae8]
Event: 1.979 Thread 0x0000018aadc61d70  729       3       sun.invoke.util.Wrapper::hashPrim (30 bytes)
Event: 1.981 Thread 0x0000018aadc61d70 nmethod 729 0x0000018a974bec10 code [0x0000018a974beea0, 0x0000018a974bfac8]
Event: 1.981 Thread 0x0000018aadc61d70  731       3       jdk.internal.org.objectweb.asm.SymbolTable::addConstantUtf8Reference (101 bytes)
Event: 1.981 Thread 0x0000018aadc61d70 nmethod 731 0x0000018a974bff90 code [0x0000018a974c01a0, 0x0000018a974c0798]
Event: 1.982 Thread 0x0000018aadc61d70  730       3       sun.invoke.util.Wrapper::findPrimitiveType (25 bytes)
Event: 1.983 Thread 0x0000018aadc61d70 nmethod 730 0x0000018a974c0a90 code [0x0000018a974c0d00, 0x0000018a974c1828]
Event: 1.983 Thread 0x0000018aadc61d70  734       3       java.lang.invoke.LambdaForm::argument (27 bytes)
Event: 1.983 Thread 0x0000018aadc61d70 nmethod 734 0x0000018a974c1c90 code [0x0000018a974c1e40, 0x0000018a974c20a8]
Event: 1.983 Thread 0x0000018aadc61d70  733       3       sun.invoke.util.Wrapper::forPrimitiveType (49 bytes)
Event: 1.985 Thread 0x0000018aadc61d70 nmethod 733 0x0000018a974c2210 code [0x0000018a974c2560, 0x0000018a974c3908]
Event: 1.985 Thread 0x0000018aadc61d70  738       3       jdk.internal.org.objectweb.asm.ByteVector::putInt (74 bytes)
Event: 1.986 Thread 0x0000018aadc61d70 nmethod 738 0x0000018a974c4010 code [0x0000018a974c41c0, 0x0000018a974c4428]
Event: 1.988 Thread 0x0000018aadc61d70  743       3       java.util.Optional::empty (6 bytes)
Event: 1.988 Thread 0x0000018aadc61d70 nmethod 743 0x0000018a974c4590 code [0x0000018a974c4720, 0x0000018a974c4818]
Event: 1.988 Thread 0x0000018aadc61d70  745       3       java.net.URLStreamHandler::parseURL (1201 bytes)

GC Heap History (0 events):
No events

Dll operation events (9 events):
Event: 0.113 Loaded shared library C:\Users\brand\.jdks\corretto-17.0.6\bin\java.dll
Event: 0.125 Loaded shared library C:\Users\brand\.jdks\corretto-17.0.6\bin\jsvml.dll
Event: 0.291 Loaded shared library C:\Users\brand\.jdks\corretto-17.0.6\bin\zip.dll
Event: 0.295 Loaded shared library C:\Users\brand\.jdks\corretto-17.0.6\bin\instrument.dll
Event: 0.305 Loaded shared library C:\Users\brand\.jdks\corretto-17.0.6\bin\net.dll
Event: 0.308 Loaded shared library C:\Users\brand\.jdks\corretto-17.0.6\bin\nio.dll
Event: 0.313 Loaded shared library C:\Users\brand\.jdks\corretto-17.0.6\bin\zip.dll
Event: 1.412 Loaded shared library C:\Users\brand\.jdks\corretto-17.0.6\bin\jimage.dll
Event: 1.497 Loaded shared library C:\Program Files\JetBrains\IntelliJ IDEA Community Edition 2022.3.2\bin\breakgen64.dll

Deoptimization events (20 events):
Event: 1.500 Thread 0x0000018a8f8aee40 Uncommon trap: trap_request=0xffffff45 fr.pc=0x0000018a9ee718f8 relative=0x0000000000000078
Event: 1.500 Thread 0x0000018a8f8aee40 Uncommon trap: reason=unstable_if action=reinterpret pc=0x0000018a9ee718f8 method=java.lang.String.isLatin1()Z @ 10 c2
Event: 1.500 Thread 0x0000018a8f8aee40 DEOPT PACKING pc=0x0000018a9ee718f8 sp=0x00000053d8fff190
Event: 1.500 Thread 0x0000018a8f8aee40 DEOPT UNPACKING pc=0x0000018a9e9269a3 sp=0x00000053d8fff0d0 mode 2
Event: 1.584 Thread 0x0000018a8f8aee40 Uncommon trap: trap_request=0xffffff45 fr.pc=0x0000018a9ee857e4 relative=0x0000000000000064
Event: 1.584 Thread 0x0000018a8f8aee40 Uncommon trap: reason=unstable_if action=reinterpret pc=0x0000018a9ee857e4 method=java.io.WinNTFileSystem.isSlash(C)Z @ 9 c2
Event: 1.584 Thread 0x0000018a8f8aee40 DEOPT PACKING pc=0x0000018a9ee857e4 sp=0x00000053d8ffdef0
Event: 1.584 Thread 0x0000018a8f8aee40 DEOPT UNPACKING pc=0x0000018a9e9269a3 sp=0x00000053d8ffde78 mode 2
Event: 1.679 Thread 0x0000018a8f8aee40 DEOPT PACKING pc=0x0000018a973dfdd6 sp=0x00000053d8ffcad0
Event: 1.679 Thread 0x0000018a8f8aee40 DEOPT UNPACKING pc=0x0000018a9e927143 sp=0x00000053d8ffbf70 mode 0
Event: 1.762 Thread 0x0000018a8f8aee40 DEOPT PACKING pc=0x0000018a973dc1be sp=0x00000053d8ffbe30
Event: 1.762 Thread 0x0000018a8f8aee40 DEOPT UNPACKING pc=0x0000018a9e927143 sp=0x00000053d8ffb2d0 mode 0
Event: 1.862 Thread 0x0000018a8f8aee40 Uncommon trap: trap_request=0xffffff45 fr.pc=0x0000018a9ee8edf8 relative=0x00000000000014d8
Event: 1.862 Thread 0x0000018a8f8aee40 Uncommon trap: reason=unstable_if action=reinterpret pc=0x0000018a9ee8edf8 method=java.util.HashMap.hash(Ljava/lang/Object;)I @ 1 c2
Event: 1.862 Thread 0x0000018a8f8aee40 DEOPT PACKING pc=0x0000018a9ee8edf8 sp=0x00000053d8ffd6b0
Event: 1.862 Thread 0x0000018a8f8aee40 DEOPT UNPACKING pc=0x0000018a9e9269a3 sp=0x00000053d8ffd660 mode 2
Event: 1.952 Thread 0x0000018a8f8aee40 DEOPT PACKING pc=0x0000018a973f4604 sp=0x00000053d8ffe100
Event: 1.952 Thread 0x0000018a8f8aee40 DEOPT UNPACKING pc=0x0000018a9e927143 sp=0x00000053d8ffd5b0 mode 0
Event: 1.988 Thread 0x0000018a8f8aee40 DEOPT PACKING pc=0x0000018a973dc1be sp=0x00000053d8ffec10
Event: 1.988 Thread 0x0000018a8f8aee40 DEOPT UNPACKING pc=0x0000018a9e927143 sp=0x00000053d8ffe088 mode 0

Classes unloaded (0 events):
No events

Classes redefined (0 events):
No events

Internal exceptions (6 events):
Event: 1.502 Thread 0x0000018aaed20d70 Exception <a 'java/lang/NoSuchMethodError'{0x0000000088cf0ff0}: 'java.lang.Object java.lang.invoke.DirectMethodHandle$Holder.invokeStaticInit(java.lang.Object)'> (0x0000000088cf0ff0) 
thrown [s\src\hotspot\share\interpreter\linkResolver.cpp, line 759]
Event: 1.514 Thread 0x0000018aaed20d70 Exception <a 'java/lang/NoSuchMethodError'{0x0000000088cfe588}: 'void java.lang.invoke.DirectMethodHandle$Holder.invokeStatic(java.lang.Object, java.lang.Object)'> (0x0000000088cfe588) 
thrown [s\src\hotspot\share\interpreter\linkResolver.cpp, line 759]
Event: 1.702 Thread 0x0000018a8f8aee40 Exception <a 'java/lang/ClassNotFoundException'{0x0000000088948d28}: javax/smartcardio/CardPermission> (0x0000000088948d28) 
thrown [s\src\hotspot\share\classfile\systemDictionary.cpp, line 256]
Event: 1.729 Thread 0x0000018a8f8aee40 Exception <a 'java/io/FileNotFoundException'{0x0000000088956ee0}> (0x0000000088956ee0) 
thrown [s\src\hotspot\share\prims\jni.cpp, line 516]
Event: 1.862 Thread 0x0000018a8f8aee40 Implicit null exception at 0x0000018a9ee8d961 to 0x0000018a9ee8ede4
Event: 1.969 Thread 0x0000018a8f8aee40 Exception <a 'java/lang/NoSuchMethodError'{0x000000008876d960}: 'void java.lang.invoke.DirectMethodHandle$Holder.invokeStatic(java.lang.Object, java.lang.Object, java.lang.Object, java.lang.Object)'> (0x000000008876d960) 
thrown [s\src\hotspot\share\interpreter\linkResolver.cpp, line 759]

VM Operations (10 events):
Event: 0.271 Executing VM operation: HandshakeAllThreads
Event: 0.271 Executing VM operation: HandshakeAllThreads done
Event: 1.271 Executing VM operation: Cleanup
Event: 1.271 Executing VM operation: Cleanup done
Event: 1.500 Executing VM operation: HandshakeAllThreads
Event: 1.500 Executing VM operation: HandshakeAllThreads done
Event: 1.583 Executing VM operation: HandshakeAllThreads
Event: 1.583 Executing VM operation: HandshakeAllThreads done
Event: 1.872 Executing VM operation: HandshakeAllThreads
Event: 1.872 Executing VM operation: HandshakeAllThreads done

Events (20 events):
Event: 1.936 loading class java/util/IdentityHashMap$EntryIterator$Entry
Event: 1.936 loading class java/util/IdentityHashMap$EntryIterator$Entry done
Event: 1.936 loading class java/util/IdentityHashMap$ValueIterator
Event: 1.937 loading class java/util/IdentityHashMap$ValueIterator done
Event: 1.995 loading class java/net/URISyntaxException
Event: 1.995 loading class java/net/URISyntaxException done
Event: 1.996 loading class java/nio/file/NoSuchFileException
Event: 1.996 loading class java/nio/file/FileSystemException
Event: 1.996 loading class java/nio/file/FileSystemException done
Event: 1.996 loading class java/nio/file/NoSuchFileException done
Event: 1.996 loading class java/io/UncheckedIOException
Event: 1.996 loading class java/io/UncheckedIOException done
Event: 2.001 loading class java/net/HttpURLConnection
Event: 2.001 loading class java/net/HttpURLConnection done
Event: 2.007 loading class java/net/URLDecoder
Event: 2.007 loading class java/net/URLDecoder done
Event: 2.007 loading class java/net/URLEncoder
Event: 2.007 loading class java/net/URLEncoder done
Event: 2.007 loading class java/util/BitSet
Event: 2.007 loading class java/util/BitSet done


Dynamic libraries:
0x00007ff7f0f10000 - 0x00007ff7f0f1d000 	C:\Users\brand\.jdks\corretto-17.0.6\bin\java.exe
0x00007ffd96d70000 - 0x00007ffd96f84000 	C:\WINDOWS\SYSTEM32\ntdll.dll
0x00007ffd95650000 - 0x00007ffd95712000 	C:\WINDOWS\System32\KERNEL32.DLL
0x00007ffd947a0000 - 0x00007ffd94b43000 	C:\WINDOWS\System32\KERNELBASE.dll
0x00007ffd942e0000 - 0x00007ffd943f1000 	C:\WINDOWS\System32\ucrtbase.dll
0x00007ffd8f650000 - 0x00007ffd8f665000 	C:\Users\brand\.jdks\corretto-17.0.6\bin\VCRUNTIME140.dll
0x00007ffd8f4c0000 - 0x00007ffd8f4d7000 	C:\Users\brand\.jdks\corretto-17.0.6\bin\jli.dll
0x00007ffd95720000 - 0x00007ffd958ca000 	C:\WINDOWS\System32\USER32.dll
0x00007ffd94170000 - 0x00007ffd94196000 	C:\WINDOWS\System32\win32u.dll
0x00007ffd8b520000 - 0x00007ffd8b7ae000 	C:\WINDOWS\WinSxS\amd64_microsoft.windows.common-controls_6595b64144ccf1df_6.0.22621.1635_none_270f70857386168e\COMCTL32.dll
0x00007ffd94c80000 - 0x00007ffd94ca9000 	C:\WINDOWS\System32\GDI32.dll
0x00007ffd94bd0000 - 0x00007ffd94c77000 	C:\WINDOWS\System32\msvcrt.dll
0x00007ffd94610000 - 0x00007ffd94729000 	C:\WINDOWS\System32\gdi32full.dll
0x00007ffd94570000 - 0x00007ffd9460a000 	C:\WINDOWS\System32\msvcp_win.dll
0x00007ffd96ae0000 - 0x00007ffd96b11000 	C:\WINDOWS\System32\IMM32.DLL
0x00007ffd8efb0000 - 0x00007ffd8f04b000 	C:\Users\brand\.jdks\corretto-17.0.6\bin\msvcp140.dll
0x00007ffd70be0000 - 0x00007ffd717f8000 	C:\Users\brand\.jdks\corretto-17.0.6\bin\server\jvm.dll
0x00007ffd96b20000 - 0x00007ffd96bce000 	C:\WINDOWS\System32\ADVAPI32.dll
0x00007ffd96bd0000 - 0x00007ffd96c74000 	C:\WINDOWS\System32\sechost.dll
0x00007ffd96800000 - 0x00007ffd96917000 	C:\WINDOWS\System32\RPCRT4.dll
0x00007ffd73120000 - 0x00007ffd73129000 	C:\WINDOWS\SYSTEM32\WSOCK32.dll
0x00007ffd8e7f0000 - 0x00007ffd8e824000 	C:\WINDOWS\SYSTEM32\WINMM.dll
0x00007ffd8d5d0000 - 0x00007ffd8d5da000 	C:\WINDOWS\SYSTEM32\VERSION.dll
0x00007ffd94b50000 - 0x00007ffd94bc1000 	C:\WINDOWS\System32\WS2_32.dll
0x00007ffd932a0000 - 0x00007ffd932b8000 	C:\WINDOWS\SYSTEM32\kernel.appcore.dll
0x00007ffd8f930000 - 0x00007ffd8f93a000 	C:\Users\brand\.jdks\corretto-17.0.6\bin\jimage.dll
0x00007ffd8d8d0000 - 0x00007ffd8dafe000 	C:\WINDOWS\SYSTEM32\DBGHELP.DLL
0x00007ffd94cb0000 - 0x00007ffd95039000 	C:\WINDOWS\System32\combase.dll
0x00007ffd95570000 - 0x00007ffd95647000 	C:\WINDOWS\System32\OLEAUT32.dll
0x00007ffd8d870000 - 0x00007ffd8d8a2000 	C:\WINDOWS\SYSTEM32\dbgcore.DLL
0x00007ffd94260000 - 0x00007ffd942da000 	C:\WINDOWS\System32\bcryptPrimitives.dll
0x00007ffd8f1c0000 - 0x00007ffd8f1ce000 	C:\Users\brand\.jdks\corretto-17.0.6\bin\instrument.dll
0x00007ffd8f490000 - 0x00007ffd8f4b5000 	C:\Users\brand\.jdks\corretto-17.0.6\bin\java.dll
0x00007ffd8ee20000 - 0x00007ffd8eef6000 	C:\Users\brand\.jdks\corretto-17.0.6\bin\jsvml.dll
0x00007ffd95d70000 - 0x00007ffd96569000 	C:\WINDOWS\System32\SHELL32.dll
0x00007ffd92170000 - 0x00007ffd92a3e000 	C:\WINDOWS\SYSTEM32\windows.storage.dll
0x00007ffd92030000 - 0x00007ffd9216e000 	C:\WINDOWS\SYSTEM32\wintypes.dll
0x00007ffd95040000 - 0x00007ffd95131000 	C:\WINDOWS\System32\SHCORE.dll
0x00007ffd965c0000 - 0x00007ffd9661e000 	C:\WINDOWS\System32\shlwapi.dll
0x00007ffd940a0000 - 0x00007ffd940c6000 	C:\WINDOWS\SYSTEM32\profapi.dll
0x00007ffd8f160000 - 0x00007ffd8f178000 	C:\Users\brand\.jdks\corretto-17.0.6\bin\zip.dll
0x00007ffd8f1f0000 - 0x00007ffd8f209000 	C:\Users\brand\.jdks\corretto-17.0.6\bin\net.dll
0x00007ffd8f4e0000 - 0x00007ffd8f617000 	C:\WINDOWS\SYSTEM32\WINHTTP.dll
0x00007ffd93720000 - 0x00007ffd93789000 	C:\WINDOWS\system32\mswsock.dll
0x00007ffd8f1d0000 - 0x00007ffd8f1e5000 	C:\Users\brand\.jdks\corretto-17.0.6\bin\nio.dll
0x00007ffd8ef90000 - 0x00007ffd8efaa000 	C:\Program Files\JetBrains\IntelliJ IDEA Community Edition 2022.3.2\bin\breakgen64.dll

dbghelp: loaded successfully - version: 4.0.5 - missing functions: none
symbol engine: initialized successfully - sym options: 0x614 - pdb path: .;C:\Users\brand\.jdks\corretto-17.0.6\bin;C:\WINDOWS\SYSTEM32;C:\WINDOWS\WinSxS\amd64_microsoft.windows.common-controls_6595b64144ccf1df_6.0.22621.1635_none_270f70857386168e;C:\Users\brand\.jdks\corretto-17.0.6\bin\server;C:\Program Files\JetBrains\IntelliJ IDEA Community Edition 2022.3.2\bin

VM Arguments:
jvm_args: -javaagent:C:\Program Files\JetBrains\IntelliJ IDEA Community Edition 2022.3.2\lib\idea_rt.jar=59214:C:\Program Files\JetBrains\IntelliJ IDEA Community Edition 2022.3.2\bin -Dfile.encoding=UTF-8 
java_command: DataBaseConnection.demo.DemoApplication
java_class_path (initial): C:\Users\brand\Project Portfolio\TeamWorkSpace\demo\target\classes;C:\Users\brand\.m2\repository\org\springframework\boot\spring-boot-starter-data-jpa\3.1.2\spring-boot-starter-data-jpa-3.1.2.jar;C:\Users\brand\.m2\repository\org\springframework\boot\spring-boot-starter-aop\3.1.2\spring-boot-starter-aop-3.1.2.jar;C:\Users\brand\.m2\repository\org\aspectj\aspectjweaver\1.9.19\aspectjweaver-1.9.19.jar;C:\Users\brand\.m2\repository\org\hibernate\orm\hibernate-core\6.2.6.Final\hibernate-core-6.2.6.Final.jar;C:\Users\brand\.m2\repository\jakarta\persistence\jakarta.persistence-api\3.1.0\jakarta.persistence-api-3.1.0.jar;C:\Users\brand\.m2\repository\jakarta\transaction\jakarta.transaction-api\2.0.1\jakarta.transaction-api-2.0.1.jar;C:\Users\brand\.m2\repository\org\jboss\logging\jboss-logging\3.5.3.Final\jboss-logging-3.5.3.Final.jar;C:\Users\brand\.m2\repository\org\hibernate\common\hibernate-commons-annotations\6.0.6.Final\hibernate-commons-annotations-6.0.6.Final.jar;C:\Users\brand\.m2\repository\io\smallrye\jandex\3.0.5\jandex-3.0.5.jar;C:\Users\brand\.m2\repository\com\fasterxml\classmate\1.5.1\classmate-1.5.1.jar;C:\Users\brand\.m2\repository\net\bytebuddy\byte-buddy\1.14.5\byte-buddy-1.14.5.jar;C:\Users\brand\.m2\repository\org\glassfish\jaxb\jaxb-runtime\4.0.3\jaxb-runtime-4.0.3.jar;C:\Users\brand\.m2\repository\org\glassfish\jaxb\jaxb-core\4.0.3\jaxb-core-4.0.3.jar;C:\Users\brand\.m2\repository\org\eclipse\angus\angus-activation\2.0.1\angus-activation-2.0.1.jar;C:\Users\brand\.m2\repository\org\glassfish\jaxb\txw2\4.0.3\txw2-4.0.3.jar;C:\Users\brand\.m2\repository\com\sun\istack\istack-commons-runtime\4.1.2\istack-commons-runtime-4.1.2.jar;C:\Users\brand\.m2\repository\jakarta\inject\jakarta.inject-api\2.0.1\jakarta.inject-api-2.0.1.jar;C:\Users\brand\.m2\repository\org\antlr\antlr4-runtime\4.10.1\antlr4-runtime-4.10.1.jar;C:\Users\brand\.m2\repository\org\springframework\data\spring-data-jpa\3.1.2\spring-data-jpa-3.1.2.jar;C:\Users\
Launcher Type: SUN_STANDARD

[Global flags]
     intx CICompilerCount                          = 4                                         {product} {ergonomic}
     uint ConcGCThreads                            = 2                                         {product} {ergonomic}
     uint G1ConcRefinementThreads                  = 8                                         {product} {ergonomic}
   size_t G1HeapRegionSize                         = 1048576                                   {product} {ergonomic}
    uintx GCDrainStackTargetSize                   = 64                                        {product} {ergonomic}
   size_t InitialHeapSize                          = 134217728                                 {product} {ergonomic}
   size_t MarkStackSize                            = 4194304                                   {product} {ergonomic}
   size_t MaxHeapSize                              = 2126512128                                {product} {ergonomic}
   size_t MaxNewSize                               = 1275068416                                {product} {ergonomic}
   size_t MinHeapDeltaBytes                        = 1048576                                   {product} {ergonomic}
   size_t MinHeapSize                              = 8388608                                   {product} {ergonomic}
    uintx NonNMethodCodeHeapSize                   = 5839372                                {pd product} {ergonomic}
    uintx NonProfiledCodeHeapSize                  = 122909434                              {pd product} {ergonomic}
    uintx ProfiledCodeHeapSize                     = 122909434                              {pd product} {ergonomic}
    uintx ReservedCodeCacheSize                    = 251658240                              {pd product} {ergonomic}
     bool SegmentedCodeCache                       = true                                      {product} {ergonomic}
   size_t SoftMaxHeapSize                          = 2126512128                             {manageable} {ergonomic}
     bool UseCompressedClassPointers               = true                           {product lp64_product} {ergonomic}
     bool UseCompressedOops                        = true                           {product lp64_product} {ergonomic}
     bool UseG1GC                                  = true                                      {product} {ergonomic}
     bool UseLargePagesIndividualAllocation        = false                                  {pd product} {ergonomic}

Logging:
Log output configuration:
 #0: stdout all=warning uptime,level,tags
 #1: stderr all=off uptime,level,tags

Environment Variables:
PATH=C:\Program Files (x86)\Common Files\Oracle\Java\javapath;C:\Program Files (x86)\VMware\VMware Player\bin\;C:\WINDOWS\system32;C:\WINDOWS;C:\WINDOWS\System32\Wbem;C:\WINDOWS\System32\WindowsPowerShell\v1.0\;C:\WINDOWS\System32\OpenSSH\;C:\Program Files\Microsoft SQL Server\Client SDK\ODBC\170\Tools\Binn\;C:\Program Files (x86)\Microsoft SQL Server\150\Tools\Binn\;C:\Program Files\Microsoft SQL Server\150\Tools\Binn\;C:\Program Files\Microsoft SQL Server\150\DTS\Binn\;C:\Program Files\Git\cmd;C:\Program Files\nodejs\;C:\mongoDB\bin;C:\Program Files\MongoDB\Server\5.0\bin;C:\Program Files\MySQL\MySQL Shell 8.0\bin\;C:\Users\brand\AppData\Local\Microsoft\WindowsApps;;C:\Users\brand\AppData\Local\Programs\Microsoft VS Code\bin;C:\Users\brand\AppData\Roaming\npm
USERNAME=brand
OS=Windows_NT
PROCESSOR_IDENTIFIER=Intel64 Family 6 Model 142 Stepping 10, GenuineIntel
TMP=C:\Users\brand\AppData\Local\Temp
TEMP=C:\Users\brand\AppData\Local\Temp



---------------  S Y S T E M  ---------------

OS:
 Windows 11 , 64 bit Build 22621 (10.0.22621.1928)
OS uptime: 1 days 20:48 hours

CPU: total 8 (initial active 8) (4 cores per cpu, 2 threads per core) family 6 model 142 stepping 10 microcode 0xf0, cx8, cmov, fxsr, ht, mmx, 3dnowpref, sse, sse2, sse3, ssse3, sse4.1, sse4.2, popcnt, lzcnt, tsc, tscinvbit, avx, avx2, aes, erms, clmul, bmi1, bmi2, adx, fma, vzeroupper, clflush, clflushopt

Memory: 4k page, system-wide physical 8108M (490M free)
TotalPageFile size 23235M (AvailPageFile size 0M)
current process WorkingSet (physical memory assigned to process): 70M, peak: 70M
current process commit charge ("private bytes"): 233M, peak: 233M

vm_info: OpenJDK 64-Bit Server VM (17.0.6+10-LTS) for windows-amd64 JRE (17.0.6+10-LTS), built on Jan 13 2023 22:57:04 by "Administrator" with MS VC++ 15.9 (VS2017)

END.
